Uniform distribution
2021/08/19 15:18:43 The leader is replica 0
Round took 613.043µs
Round took 1.00831ms
Round took 1.237047ms
Round took 1.175403ms
Round took 1.210908ms
Round took 1.120128ms
Round took 1.164291ms
Round took 1.184449ms
Round took 1.174841ms
Round took 1.183146ms
Round took 1.102897ms
Round took 1.225315ms
Round took 1.137452ms
Round took 1.12051ms
Round took 1.19573ms
Round took 1.205508ms
Round took 1.132261ms
Round took 1.171976ms
Round took 1.125488ms
Round took 1.148962ms
Round took 1.161837ms
Round took 1.186473ms
Round took 1.175953ms
Round took 1.111743ms
Round took 1.175472ms
Round took 1.218111ms
Round took 1.135167ms
Round took 1.165062ms
Round took 1.229182ms
Round took 1.051681ms
Round took 1.222229ms
Round took 1.108167ms
Round took 1.160484ms
Round took 1.138013ms
Round took 1.198325ms
Round took 1.244661ms
Round took 1.148753ms
Round took 1.158801ms
Round took 1.130108ms
Round took 1.181603ms
Round took 1.191953ms
Round took 1.079704ms
Round took 1.18539ms
Round took 1.156377ms
Round took 1.200419ms
Round took 1.143262ms
Round took 1.168199ms
Round took 1.192273ms
Round took 1.144093ms
Round took 1.183958ms
Round took 1.17998ms
Round took 1.477024ms
Round took 1.154944ms
Round took 1.182455ms
Round took 1.118506ms
Round took 1.187735ms
Round took 1.19592ms
Round took 1.120319ms
Round took 1.171264ms
Round took 1.167247ms
Round took 1.168249ms
Round took 1.155385ms
Round took 1.151667ms
Round took 1.172466ms
Round took 1.146007ms
Round took 1.182315ms
Round took 1.161566ms
Round took 1.187966ms
Round took 1.247046ms
Round took 1.143312ms
Round took 1.134896ms
Round took 1.185551ms
Round took 1.152399ms
Round took 1.252756ms
Round took 1.144555ms
Round took 1.16387ms
Round took 1.215257ms
Round took 1.180532ms
Round took 1.163009ms
Round took 1.178668ms
Round took 1.11554ms
Round took 1.259068ms
Round took 1.1422ms
Round took 1.16392ms
Round took 1.225886ms
Round took 1.144785ms
Round took 1.176204ms
Round took 1.185521ms
Round took 1.130749ms
Round took 1.146878ms
Round took 1.22239ms
Round took 1.18474ms
Round took 1.153631ms
Round took 1.187665ms
Round took 1.135478ms
Round took 1.139274ms
Round took 1.144284ms
Round took 1.206841ms
Round took 1.165904ms
Round took 1.196681ms
Round took 1.150956ms
Round took 1.165884ms
Round took 1.172517ms
Round took 1.130328ms
Round took 1.172166ms
Round took 1.18491ms
Round took 1.12611ms
Round took 1.232068ms
Round took 1.146058ms
Round took 1.148612ms
Round took 1.2067ms
Round took 1.166997ms
Round took 1.164472ms
Round took 1.202894ms
Round took 1.086306ms
Round took 1.165924ms
Round took 1.181894ms
Round took 1.191452ms
Round took 1.140006ms
Round took 1.182546ms
Round took 1.182976ms
Round took 1.173137ms
Round took 1.178178ms
Round took 1.18527ms
Round took 1.130157ms
Round took 1.191682ms
Round took 1.146328ms
Round took 1.203795ms
Round took 1.139665ms
Round took 1.162658ms
Round took 1.167508ms
Round took 1.15804ms
Round took 1.165914ms
Round took 1.169201ms
Round took 1.134505ms
Round took 1.171685ms
Round took 1.199347ms
Round took 1.155284ms
Round took 1.184659ms
Round took 1.151317ms
Round took 1.197523ms
Round took 1.160003ms
Round took 1.137802ms
Round took 1.202472ms
Round took 1.150416ms
Round took 1.193746ms
Round took 1.122533ms
Round took 1.193405ms
Round took 1.157168ms
Round took 1.215978ms
Round took 1.155255ms
Round took 1.109028ms
Round took 1.172957ms
Round took 1.156457ms
Round took 1.147229ms
Round took 1.182585ms
Round took 1.190881ms
Round took 1.166745ms
Round took 1.143182ms
Round took 1.188427ms
Round took 1.160194ms
Round took 1.155474ms
Round took 1.151969ms
Round took 1.162868ms
Round took 1.192724ms
Round took 1.134476ms
Round took 1.237658ms
Round took 1.126161ms
Round took 1.165734ms
Round took 1.144214ms
Round took 1.079834ms
Round took 1.173459ms
Round took 1.220135ms
Round took 1.157719ms
Round took 1.237107ms
Round took 1.121562ms
Round took 1.14745ms
Round took 1.22801ms
Round took 1.151317ms
Round took 1.144484ms
Round took 1.155024ms
Round took 1.185871ms
Round took 1.233941ms
Round took 1.139545ms
Round took 1.161095ms
Round took 1.181052ms
Round took 1.210308ms
Round took 1.110832ms
Round took 1.229663ms
Round took 1.15294ms
Round took 1.115931ms
Round took 1.191853ms
Round took 1.141369ms
Round took 1.151718ms
Round took 1.198665ms
Round took 1.180842ms
Round took 1.155976ms
Round took 1.165824ms
Round took 1.140827ms
Round took 1.170153ms
Round took 1.209746ms
Round took 1.187735ms
Round took 1.119318ms
Round took 1.160053ms
Round took 1.154203ms
Round took 1.196511ms
Round took 1.177837ms
Round took 1.172086ms
Round took 1.172847ms
Round took 1.135978ms
Round took 1.15799ms
Round took 1.189539ms
Round took 1.157739ms
Round took 1.181514ms
Round took 1.139886ms
Round took 1.143292ms
Round took 1.243269ms
Round took 1.136299ms
Round took 1.137932ms
Round took 1.12037ms
Round took 1.206139ms
Round took 1.164271ms
Round took 1.151528ms
Round took 1.200739ms
Round took 1.146418ms
Round took 1.20628ms
Round took 1.188547ms
Round took 1.122013ms
Round took 1.155044ms
Round took 1.255431ms
Round took 1.144564ms
Round took 1.120489ms
Round took 1.182034ms
Round took 1.160344ms
Round took 1.183607ms
Round took 1.214364ms
Round took 1.142791ms
Round took 1.166746ms
Round took 1.096495ms
Round took 1.241415ms
Round took 1.141849ms
Round took 1.166375ms
Round took 1.144204ms
Round took 1.178408ms
Round took 1.164331ms
Round took 1.176845ms
Round took 1.187525ms
Round took 1.130408ms
Round took 1.182986ms
Round took 1.167057ms
Round took 1.171755ms
Round took 1.163529ms
Round took 1.153131ms
Round took 1.197173ms
Round took 1.214686ms
Round took 1.119187ms
Round took 1.182816ms
Round took 1.14757ms
Round took 1.187385ms
Round took 1.200068ms
Round took 1.148331ms
Round took 1.108688ms
Round took 1.190229ms
Round took 1.555551ms
Round took 761.641µs
Round took 1.145547ms
Round took 1.175332ms
Round took 1.159373ms
Round took 1.13141ms
Round took 1.241816ms
Round took 1.112625ms
Round took 1.194869ms
Round took 1.142461ms
Round took 1.103999ms
Round took 1.153301ms
Round took 1.215346ms
Round took 1.183828ms
Round took 1.539441ms
Round took 767.952µs
Round took 1.154974ms
Round took 1.13686ms
Round took 1.186072ms
Round took 1.181674ms
Round took 1.194708ms
Round took 1.092146ms
Round took 1.223732ms
Round took 1.196191ms
Round took 1.146128ms
Round took 1.208013ms
Round took 1.162969ms
Round took 1.194798ms
Round took 1.132552ms
Round took 1.122153ms
Round took 1.154674ms
Round took 1.229393ms
Round took 1.141619ms
Round took 1.130629ms
Round took 1.164531ms
Round took 1.175262ms
Round took 1.229302ms
Round took 1.173288ms
Round took 1.145185ms
Round took 1.133784ms
Round took 1.198575ms
Round took 1.151828ms
Round took 1.204055ms
Round took 1.10446ms
Round took 1.172827ms
Round took 1.205699ms
Round took 1.129577ms
Round took 1.218853ms
Round took 1.15286ms
Round took 1.230945ms
Round took 1.158371ms
Round took 1.142852ms
Round took 1.176364ms
Round took 1.180471ms
Round took 1.15289ms
Round took 1.218763ms
Round took 1.140317ms
Round took 1.160684ms
Round took 1.210748ms
Round took 1.133424ms
Round took 1.20646ms
Round took 1.15826ms
Round took 1.16405ms
Round took 1.124978ms
Round took 1.220947ms
Round took 1.156056ms
Round took 1.194067ms
Round took 1.11003ms
Round took 1.191412ms
Round took 1.207713ms
Round took 1.244671ms
Round took 1.113095ms
Round took 1.148061ms
Round took 1.161025ms
Round took 1.202723ms
Round took 1.183708ms
Round took 1.151407ms
Round took 1.20688ms
Round took 1.17422ms
Round took 1.158741ms
Round took 1.137351ms
Round took 1.190991ms
Round took 1.167447ms
Round took 1.180792ms
Round took 1.158079ms
Round took 1.160514ms
Round took 1.115961ms
Round took 1.223202ms
Round took 1.170282ms
Round took 1.145767ms
Round took 1.141068ms
Round took 1.159172ms
Round took 1.188096ms
Round took 1.178438ms
Round took 1.199637ms
Round took 1.137591ms
Round took 1.200309ms
Round took 1.120179ms
Round took 1.177286ms
Round took 1.153792ms
Round took 1.186803ms
Round took 1.15871ms
Round took 1.19055ms
Round took 1.181814ms
Round took 1.141007ms
Round took 1.2495ms
Round took 1.138764ms
Round took 1.448822ms
Round took 1.154523ms
Round took 1.201551ms
Round took 1.217991ms
Round took 1.133033ms
Round took 1.138183ms
Round took 1.134666ms
Round took 1.194418ms
Round took 1.137311ms
Round took 1.172407ms
Round took 1.16879ms
Round took 1.196562ms
Round took 1.162178ms
Round took 1.161376ms
Round took 1.150636ms
Round took 1.140156ms
Round took 1.207222ms
Round took 1.213293ms
Round took 1.165774ms
Round took 1.161797ms
Round took 1.176474ms
Round took 1.133363ms
Round took 1.223161ms
Round took 1.198716ms
Round took 1.140667ms
Round took 1.138393ms
Round took 1.18503ms
Round took 1.189097ms
Round took 1.085104ms
Round took 1.205438ms
Round took 1.144013ms
Round took 1.181964ms
Round took 1.217971ms
Round took 1.093249ms
Round took 1.153101ms
Round took 1.230845ms
Round took 1.159573ms
Round took 1.166155ms
Round took 1.14707ms
Round took 1.154233ms
Round took 1.187945ms
Round took 1.16358ms
Round took 1.19581ms
Round took 1.151137ms
Round took 1.224093ms
Round took 1.179049ms
Round took 1.138984ms
Round took 1.108828ms
Round took 1.183837ms
Round took 1.193145ms
Round took 1.169051ms
Round took 1.160484ms
Round took 1.186362ms
Round took 1.164392ms
Round took 1.157689ms
Round took 1.16368ms
Round took 1.136389ms
Round took 1.137211ms
Round took 1.155776ms
Round took 1.273475ms
Round took 1.147721ms
Round took 1.168869ms
Round took 1.198886ms
Round took 1.158631ms
Round took 1.118286ms
Round took 1.153511ms
Round took 1.168429ms
Round took 1.15241ms
Round took 1.207081ms
Round took 1.14196ms
Round took 1.160424ms
Round took 1.183727ms
Round took 1.182425ms
Round took 1.163951ms
Round took 1.160243ms
Round took 1.127603ms
Round took 1.207352ms
Round took 1.176394ms
Round took 1.159202ms
Round took 1.112905ms
Round took 1.188347ms
Round took 1.143352ms
Round took 1.168619ms
Round took 1.162187ms
Round took 1.130338ms
Round took 1.192023ms
Round took 1.147039ms
Round took 1.206179ms
Round took 1.081698ms
Round took 1.192914ms
Round took 1.176123ms
Round took 1.227088ms
Round took 1.146438ms
Round took 1.136249ms
Round took 1.162538ms
Round took 1.187845ms
Round took 1.180321ms
Round took 1.190209ms
Round took 1.150044ms
Round took 1.157729ms
Round took 1.175282ms
Round took 1.148532ms
Round took 1.141288ms
Round took 1.155475ms
Round took 1.183307ms
Round took 1.172686ms
Round took 1.200989ms
Round took 1.142ms
Round took 1.185311ms
Round took 1.178508ms
Round took 1.194548ms
Round took 1.107816ms
Round took 1.167748ms
Round took 1.177206ms
Round took 1.209275ms
Round took 1.127533ms
Round took 1.143322ms
Round took 1.184299ms
Round took 1.188056ms
Round took 1.17931ms
Round took 1.129276ms
Round took 1.111964ms
Round took 1.186473ms
Round took 1.167758ms
Round took 1.136459ms
Round took 1.138994ms
Round took 1.156176ms
Round took 1.240734ms
Round took 1.186383ms
Round took 1.138012ms
Round took 1.1527ms
Round took 1.191953ms
Round took 1.201761ms
Round took 1.172166ms
Round took 1.165514ms
Round took 1.121612ms
Round took 1.213843ms
Round took 1.214104ms
Round took 1.106173ms
Round took 1.177997ms
Round took 1.13672ms
Round took 1.157339ms
Round took 1.203454ms
Round took 1.13154ms
Round took 1.140938ms
Round took 1.220516ms
Round took 1.220977ms
Round took 1.128735ms
Round took 1.119528ms
Round took 1.171665ms
Round took 1.182815ms
Round took 1.128966ms
Round took 1.156877ms
Round took 1.148973ms
Round took 1.208383ms
Round took 1.210748ms
Round took 1.137902ms
Round took 1.138543ms
Round took 1.176925ms
Round took 1.200128ms
Round took 1.126191ms
Round took 1.156056ms
Round took 1.151287ms
Round took 1.178949ms
Round took 1.186142ms
Round took 1.178618ms
Round took 1.141559ms
Round took 1.17432ms
Round took 1.170984ms
Round took 1.216328ms
Round took 1.09415ms
Round took 1.162288ms
Round took 1.214024ms
Round took 1.170052ms
Round took 1.114689ms
Round took 1.181042ms
Round took 1.139946ms
Round took 1.191692ms
Round took 1.140236ms
Round took 1.237027ms
Round took 1.05639ms
Round took 1.139305ms
Round took 1.290687ms
Round took 1.092758ms
Round took 1.16854ms
Round took 1.183788ms
Round took 1.177897ms
Round took 1.165023ms
Round took 1.186853ms
Round took 1.156717ms
Round took 1.134175ms
Round took 1.166616ms
Round took 1.184699ms
Round took 1.156507ms
Round took 1.138062ms
Round took 1.207752ms
Round took 1.236085ms
Round took 1.088079ms
Round took 1.194638ms
Round took 1.114247ms
Round took 1.177616ms
Round took 1.20629ms
Round took 1.178067ms
Round took 1.16899ms
Round took 1.186774ms
Round took 1.134175ms
Round took 1.207752ms
Round took 1.155003ms
Round took 1.127082ms
Round took 1.213804ms
Round took 1.192654ms
Round took 1.137201ms
Round took 1.133333ms
Round took 1.325151ms
Round took 1.145456ms
Round took 1.156226ms
Round took 1.199567ms
Round took 1.175182ms
Round took 1.1153ms
Round took 1.18526ms
Round took 1.200148ms
Round took 1.130398ms
Round took 1.143492ms
Round took 1.168439ms
Round took 1.166085ms
Round took 1.211319ms
Round took 1.166345ms
Round took 1.150426ms
Round took 1.157369ms
Round took 1.153962ms
Round took 1.208053ms
Round took 1.106383ms
Round took 1.167878ms
Round took 1.174861ms
Round took 1.219123ms
Round took 1.118086ms
Round took 1.202643ms
Round took 1.160053ms
Round took 1.205187ms
Round took 1.177326ms
Round took 1.107255ms
Round took 1.15831ms
Round took 1.188947ms
Round took 1.208664ms
Round took 1.161135ms
Round took 1.173088ms
Round took 1.177045ms
Round took 1.169661ms
Round took 1.182485ms
Round took 1.113467ms
Round took 1.18482ms
Round took 1.183757ms
Round took 1.148532ms
Round took 1.17949ms
Round took 1.143763ms
Round took 1.190139ms
Round took 1.152129ms
Round took 1.128895ms
Round took 1.162608ms
Round took 1.164131ms
Round took 1.155986ms
Round took 1.211019ms
Round took 1.135858ms
Round took 1.16368ms
Round took 1.174831ms
Round took 1.143423ms
Round took 1.127352ms
Round took 1.166605ms
Round took 1.19067ms
Round took 1.146078ms
Round took 1.190791ms
Round took 1.094781ms
Round took 1.248589ms
Round took 1.191462ms
Round took 1.146919ms
Round took 1.160174ms
Round took 1.189308ms
Round took 1.189629ms
Round took 1.113978ms
Round took 1.192615ms
Round took 1.131691ms
Round took 1.259268ms
Round took 1.146478ms
Round took 1.193256ms
Round took 1.112505ms
Round took 1.200549ms
Round took 1.151788ms
Round took 1.149504ms
Round took 1.220567ms
Round took 1.116152ms
Round took 1.183417ms
Round took 1.199687ms
Round took 1.157238ms
Round took 1.130989ms
Round took 1.194808ms
Round took 1.141789ms
Round took 1.140357ms
Round took 1.209436ms
Round took 1.222791ms
Round took 1.170453ms
Round took 1.188656ms
Round took 1.178798ms
Round took 1.258577ms
Round took 1.123095ms
Round took 1.205198ms
Round took 1.192294ms
Round took 1.102005ms
Round took 1.128284ms
Round took 1.189077ms
Round took 1.171565ms
Round took 1.171424ms
Round took 1.181784ms
Round took 1.15868ms
Round took 1.174491ms
Round took 1.163169ms
Round took 1.144384ms
Round took 1.138183ms
Round took 1.203625ms
Round took 1.16356ms
Round took 1.163139ms
Round took 1.196361ms
Round took 1.158561ms
Round took 1.150175ms
Round took 1.153552ms
Round took 1.219324ms
Round took 1.13684ms
Round took 1.158019ms
Round took 1.177887ms
Round took 1.240433ms
Round took 1.129697ms
Round took 1.144765ms
Round took 1.153181ms
Round took 1.211699ms
Round took 1.15833ms
Round took 1.189799ms
Round took 1.167787ms
Round took 1.15859ms
Round took 1.188637ms
Round took 1.177847ms
Round took 1.176003ms
Round took 1.205498ms
Round took 1.138683ms
Round took 1.123556ms
Round took 1.192153ms
Round took 1.178047ms
Round took 1.194057ms
Round took 1.181474ms
Round took 1.186753ms
Round took 1.032054ms
Round took 1.171675ms
Round took 1.204667ms
Round took 1.204006ms
Round took 1.195189ms
Round took 1.07798ms
Round took 1.208163ms
Round took 1.142571ms
Round took 1.165394ms
Round took 1.108487ms
Round took 1.162468ms
Round took 1.160824ms
Round took 1.229963ms
Round took 1.105251ms
Round took 1.208754ms
Round took 1.134305ms
Round took 1.13639ms
Round took 1.151808ms
Round took 1.148602ms
Round took 1.152199ms
Round took 1.184469ms
Round took 1.177716ms
Round took 1.159472ms
Round took 1.181994ms
Round took 1.160524ms
Round took 1.168189ms
Round took 1.23301ms
Round took 1.189699ms
Round took 1.16334ms
Round took 1.142971ms
Round took 1.164171ms
Round took 1.154683ms
Round took 1.184088ms
Round took 1.19553ms
Round took 1.177697ms
Round took 1.181373ms
Round took 1.175882ms
Round took 1.161266ms
Round took 1.160545ms
Round took 1.186192ms
Round took 1.141379ms
Round took 1.167928ms
Round took 1.162548ms
Round took 1.16905ms
Round took 1.178528ms
Round took 1.173548ms
Round took 1.221077ms
Round took 1.132301ms
Round took 1.242528ms
Round took 1.146388ms
Round took 1.198244ms
Round took 1.145827ms
Round took 1.108197ms
Round took 1.22263ms
Round took 1.155665ms
Round took 1.173618ms
Round took 1.169701ms
Round took 1.192905ms
Round took 1.146518ms
Round took 1.197563ms
Round took 1.188687ms
Round took 1.140858ms
Round took 1.19063ms
Round took 1.16355ms
Round took 1.124467ms
Round took 1.214304ms
Round took 1.148703ms
Round took 1.143382ms
Round took 1.180241ms
Round took 1.10457ms
Round took 1.149494ms
Round took 1.204656ms
Round took 1.162668ms
Round took 1.148211ms
Round took 1.161787ms
Round took 1.15783ms
Round took 1.175422ms
Round took 1.514895ms
Round took 761.22µs
Round took 1.18521ms
Round took 1.202673ms
Round took 1.205058ms
Round took 1.124878ms
Round took 1.188627ms
Round took 1.128955ms
Round took 1.176774ms
Round took 1.169841ms
Round took 1.176825ms
Round took 1.164311ms
Round took 1.199016ms
Round took 1.163901ms
Round took 1.202322ms
Round took 1.148181ms
Round took 1.199226ms
Round took 1.095873ms
Round took 1.221808ms
Round took 1.165614ms
Round took 1.155135ms
Round took 1.128434ms
Round took 1.20086ms
Round took 1.167998ms
Round took 1.170183ms
Round took 1.12039ms
Round took 1.152249ms
Round took 1.200939ms
Round took 1.178447ms
Round took 1.171695ms
Round took 1.150716ms
Round took 1.203946ms
Round took 1.109078ms
Round took 1.164562ms
Round took 1.208594ms
Round took 1.12097ms
Round took 1.174109ms
Round took 1.156677ms
Round took 1.189218ms
Round took 1.168319ms
Round took 1.153982ms
Round took 1.173569ms
Round took 1.15306ms
Round took 1.160794ms
Round took 1.169841ms
Round took 1.167778ms
Round took 1.164692ms
Round took 1.173508ms
Round took 1.204978ms
Round took 1.135067ms
Round took 1.184409ms
Round took 1.167638ms
Round took 1.143722ms
Round took 1.197834ms
Round took 1.150656ms
Round took 1.107706ms
Round took 1.209115ms
Round took 1.154213ms
Round took 1.180231ms
Round took 1.136549ms
Round took 1.202232ms
Round took 1.150034ms
Round took 1.145486ms
Round took 1.178127ms
Round took 1.157919ms
Round took 1.160163ms
Round took 1.127934ms
Round took 1.157489ms
Round took 1.17389ms
Round took 1.213824ms
Round took 1.184348ms
Round took 1.139114ms
Round took 1.173759ms
Round took 1.172907ms
Round took 1.093289ms
Round took 1.124688ms
Round took 1.169971ms
Round took 1.170593ms
Round took 1.188216ms
Round took 1.15292ms
Round took 1.170072ms
Round took 1.140547ms
Round took 1.207622ms
Round took 1.111953ms
Round took 1.139365ms
Round took 1.18507ms
Round took 1.159532ms
Round took 1.171264ms
Round took 1.201821ms
Round took 1.121843ms
Round took 1.143693ms
Round took 1.230464ms
Round took 1.150305ms
Round took 1.132572ms
Round took 1.167758ms
Round took 1.192864ms
Round took 1.202483ms
Round took 1.158971ms
Round took 1.164933ms
Round took 1.180061ms
Round took 1.175743ms
Round took 1.169361ms
Round took 1.127523ms
Round took 1.170112ms
Round took 1.175272ms
Round took 1.184078ms
Round took 1.207202ms
Round took 1.37781ms
Round took 1.134065ms
Round took 1.180211ms
Round took 1.168309ms
Round took 1.156457ms
Round took 1.195469ms
Round took 1.143994ms
Round took 1.155786ms
Round took 1.160224ms
Round took 1.162839ms
Round took 1.132702ms
Round took 1.179419ms
Round took 1.146418ms
Round took 1.114489ms
Round took 1.162328ms
Round took 1.198144ms
Round took 1.190219ms
Round took 1.163319ms
Round took 1.184469ms
Round took 1.106363ms
Round took 1.223912ms
Round took 1.194187ms
Round took 1.125889ms
Round took 1.146768ms
Round took 1.214204ms
Round took 1.166395ms
Round took 1.222891ms
Round took 1.145416ms
Round took 1.13659ms
Round took 1.274587ms
Round took 1.083671ms
Round took 1.163941ms
Round took 1.145016ms
Round took 1.157849ms
Round took 1.153612ms
Round took 1.197152ms
Round took 1.14224ms
Round took 1.172878ms
Round took 1.225386ms
Round took 1.11515ms
Round took 1.197373ms
Round took 1.135648ms
Round took 1.190861ms
Round took 1.141679ms
Round took 1.186983ms
Round took 1.173899ms
Round took 1.177025ms
Round took 1.132512ms
Round took 1.198205ms
Round took 1.207973ms
Round took 1.089241ms
Round took 1.164762ms
Round took 1.201761ms
Round took 1.16353ms
Round took 1.153621ms
Round took 1.167206ms
Round took 1.182375ms
Round took 1.168529ms
Round took 1.187905ms
Round took 1.16898ms
Round took 1.150656ms
Round took 1.166696ms
Round took 1.204306ms
Round took 1.164461ms
Round took 1.209766ms
Round took 1.134045ms
Round took 1.175212ms
Round took 1.194978ms
Round took 1.111663ms
Round took 1.176184ms
Round took 1.150556ms
Round took 1.159813ms
Round took 1.235615ms
Round took 1.185881ms
Round took 1.113677ms
Round took 1.17955ms
Round took 1.133584ms
Round took 1.198315ms
Round took 1.15257ms
Round took 1.153351ms
Round took 1.19024ms
Round took 1.170944ms
Round took 1.180882ms
Round took 1.203755ms
Round took 1.12054ms
Round took 1.191813ms
Round took 1.205569ms
Round took 1.151147ms
Round took 1.13681ms
Round took 1.199006ms
Round took 1.167187ms
Round took 1.195098ms
Round took 1.122533ms
Round took 1.178097ms
Round took 1.235635ms
Round took 1.107004ms
Round took 1.165474ms
Round took 1.200048ms
Test took 1.174035594s
Successful: 1000
