Uniform distribution
2021/08/19 15:18:43 The leader is replica 0
Round took 663.557µs
Round took 626.278µs
Round took 1.198916ms
Round took 1.141579ms
Round took 1.191663ms
Round took 1.11014ms
Round took 1.215727ms
Round took 1.141068ms
Round took 1.138684ms
Round took 1.232369ms
Round took 1.126421ms
Round took 1.161767ms
Round took 1.180551ms
Round took 1.140167ms
Round took 1.149023ms
Round took 1.171034ms
Round took 1.220436ms
Round took 1.132872ms
Round took 1.086126ms
Round took 1.211249ms
Round took 1.146317ms
Round took 1.15828ms
Round took 1.164181ms
Round took 1.161106ms
Round took 1.16897ms
Round took 1.202082ms
Round took 1.186152ms
Round took 1.137261ms
Round took 1.200338ms
Round took 1.147841ms
Round took 1.143322ms
Round took 1.153021ms
Round took 1.138823ms
Round took 1.17924ms
Round took 1.18537ms
Round took 1.167036ms
Round took 1.19063ms
Round took 1.169291ms
Round took 1.135869ms
Round took 1.178608ms
Round took 1.121492ms
Round took 1.218021ms
Round took 1.180692ms
Round took 1.153341ms
Round took 1.166345ms
Round took 1.218703ms
Round took 1.145165ms
Round took 1.181924ms
Round took 1.122744ms
Round took 1.180822ms
Round took 1.208744ms
Round took 1.4103ms
Round took 1.167508ms
Round took 1.173469ms
Round took 1.192955ms
Round took 1.174611ms
Round took 1.165864ms
Round took 1.172046ms
Round took 1.11501ms
Round took 1.174911ms
Round took 1.160103ms
Round took 1.157959ms
Round took 1.172356ms
Round took 1.185561ms
Round took 1.1259ms
Round took 1.148531ms
Round took 1.207ms
Round took 1.120329ms
Round took 1.186542ms
Round took 1.226577ms
Round took 1.181163ms
Round took 1.142851ms
Round took 1.172066ms
Round took 1.150515ms
Round took 1.221779ms
Round took 1.138323ms
Round took 1.213113ms
Round took 1.192443ms
Round took 1.179249ms
Round took 1.166516ms
Round took 1.183477ms
Round took 1.161947ms
Round took 1.194528ms
Round took 1.160244ms
Round took 1.213513ms
Round took 1.169221ms
Round took 1.17404ms
Round took 1.186794ms
Round took 1.170062ms
Round took 1.203003ms
Round took 1.168599ms
Round took 1.123305ms
Round took 1.143733ms
Round took 1.184408ms
Round took 1.217381ms
Round took 1.123776ms
Round took 1.164912ms
Round took 1.165954ms
Round took 1.172807ms
Round took 1.205007ms
Round took 1.133875ms
Round took 1.195249ms
Round took 1.114418ms
Round took 1.134235ms
Round took 1.170573ms
Round took 1.207101ms
Round took 1.177035ms
Round took 1.151648ms
Round took 1.170463ms
Round took 1.140447ms
Round took 1.181864ms
Round took 1.16327ms
Round took 1.19599ms
Round took 1.195269ms
Round took 1.145947ms
Round took 1.157549ms
Round took 1.155165ms
Round took 1.181854ms
Round took 1.157879ms
Round took 1.180652ms
Round took 1.105291ms
Round took 1.182535ms
Round took 1.251764ms
Round took 1.162007ms
Round took 1.102877ms
Round took 1.194638ms
Round took 1.167067ms
Round took 1.188837ms
Round took 1.156787ms
Round took 1.200498ms
Round took 1.108046ms
Round took 1.153832ms
Round took 1.177065ms
Round took 1.14229ms
Round took 1.195059ms
Round took 1.221639ms
Round took 1.080174ms
Round took 1.174992ms
Round took 1.200579ms
Round took 1.162077ms
Round took 1.172006ms
Round took 1.145506ms
Round took 1.152048ms
Round took 1.199978ms
Round took 1.167618ms
Round took 1.151698ms
Round took 1.161897ms
Round took 1.18485ms
Round took 1.164011ms
Round took 1.148723ms
Round took 1.191231ms
Round took 1.154483ms
Round took 1.14192ms
Round took 1.147991ms
Round took 1.198145ms
Round took 1.138042ms
Round took 1.193897ms
Round took 1.551493ms
Round took 759.286µs
Round took 1.15286ms
Round took 1.170472ms
Round took 1.137812ms
Round took 1.208033ms
Round took 1.181223ms
Round took 1.149454ms
Round took 1.134887ms
Round took 1.156136ms
Round took 1.140878ms
Round took 1.135998ms
Round took 1.163109ms
Round took 1.22782ms
Round took 1.15777ms
Round took 1.135097ms
Round took 1.216759ms
Round took 1.152309ms
Round took 1.150135ms
Round took 1.203414ms
Round took 1.16365ms
Round took 1.117684ms
Round took 1.164531ms
Round took 1.237909ms
Round took 1.208384ms
Round took 1.19622ms
Round took 1.130218ms
Round took 1.178007ms
Round took 1.164081ms
Round took 1.144304ms
Round took 1.145696ms
Round took 1.158902ms
Round took 1.172967ms
Round took 1.23866ms
Round took 1.13701ms
Round took 1.136841ms
Round took 1.192373ms
Round took 1.15297ms
Round took 1.164842ms
Round took 1.15856ms
Round took 1.160654ms
Round took 1.118096ms
Round took 1.199407ms
Round took 1.17422ms
Round took 1.15267ms
Round took 1.219614ms
Round took 1.136309ms
Round took 1.192053ms
Round took 1.151026ms
Round took 1.145416ms
Round took 1.232268ms
Round took 1.159973ms
Round took 1.212762ms
Round took 1.09914ms
Round took 1.113216ms
Round took 1.229543ms
Round took 1.143874ms
Round took 1.167608ms
Round took 1.187905ms
Round took 1.189428ms
Round took 1.12076ms
Round took 1.176073ms
Round took 1.124427ms
Round took 1.186964ms
Round took 1.161636ms
Round took 1.15794ms
Round took 1.123616ms
Round took 1.212572ms
Round took 1.143642ms
Round took 1.161897ms
Round took 1.191562ms
Round took 1.2385ms
Round took 1.151938ms
Round took 1.155976ms
Round took 1.150015ms
Round took 1.252085ms
Round took 1.089752ms
Round took 1.220496ms
Round took 1.097356ms
Round took 1.186893ms
Round took 1.156717ms
Round took 1.177175ms
Round took 1.205979ms
Round took 1.125589ms
Round took 1.134286ms
Round took 1.14167ms
Round took 1.229233ms
Round took 1.138042ms
Round took 1.172337ms
Round took 1.132041ms
Round took 1.207011ms
Round took 1.16379ms
Round took 1.153221ms
Round took 1.183668ms
Round took 1.12598ms
Round took 1.19557ms
Round took 1.232028ms
Round took 1.138633ms
Round took 1.118226ms
Round took 1.208884ms
Round took 1.167698ms
Round took 1.170733ms
Round took 1.140957ms
Round took 1.198415ms
Round took 1.170724ms
Round took 1.167437ms
Round took 1.127533ms
Round took 1.178398ms
Round took 1.128155ms
Round took 1.134847ms
Round took 1.170433ms
Round took 1.160344ms
Round took 1.158971ms
Round took 1.2171ms
Round took 1.203364ms
Round took 1.107785ms
Round took 1.160885ms
Round took 1.155435ms
Round took 1.165623ms
Round took 1.148291ms
Round took 1.122753ms
Round took 1.150746ms
Round took 1.209906ms
Round took 1.177667ms
Round took 1.159683ms
Round took 1.162919ms
Round took 1.181924ms
Round took 1.168559ms
Round took 1.182045ms
Round took 1.189168ms
Round took 1.14744ms
Round took 1.186673ms
Round took 1.191943ms
Round took 1.191041ms
Round took 1.1047ms
Round took 1.159743ms
Round took 1.183527ms
Round took 1.166205ms
Round took 1.153321ms
Round took 1.139105ms
Round took 1.226798ms
Round took 1.145236ms
Round took 1.158982ms
Round took 1.166295ms
Round took 1.176264ms
Round took 1.20622ms
Round took 1.132201ms
Round took 1.201321ms
Round took 1.097075ms
Round took 1.177526ms
Round took 1.17984ms
Round took 1.169531ms
Round took 1.13147ms
Round took 1.191793ms
Round took 1.175543ms
Round took 1.235053ms
Round took 1.115691ms
Round took 1.188376ms
Round took 1.199747ms
Round took 1.188797ms
Round took 1.170472ms
Round took 1.133754ms
Round took 1.181152ms
Round took 1.146338ms
Round took 1.207952ms
Round took 1.142932ms
Round took 1.135889ms
Round took 1.278074ms
Round took 1.0775ms
Round took 1.182335ms
Round took 1.17423ms
Round took 1.160675ms
Round took 1.148772ms
Round took 1.22276ms
Round took 1.202503ms
Round took 1.167167ms
Round took 1.088149ms
Round took 1.174841ms
Round took 1.193887ms
Round took 1.197744ms
Round took 1.129286ms
Round took 1.186442ms
Round took 1.264829ms
Round took 1.154793ms
Round took 1.15296ms
Round took 1.176364ms
Round took 1.111412ms
Round took 1.167929ms
Round took 1.225365ms
Round took 1.169751ms
Round took 1.135337ms
Round took 1.175693ms
Round took 1.199838ms
Round took 1.127393ms
Round took 1.190701ms
Round took 1.153742ms
Round took 1.192745ms
Round took 1.155726ms
Round took 1.14211ms
Round took 1.15335ms
Round took 1.167518ms
Round took 1.190941ms
Round took 1.169882ms
Round took 1.175001ms
Round took 1.164301ms
Round took 1.154813ms
Round took 1.212401ms
Round took 1.138052ms
Round took 1.151037ms
Round took 1.169592ms
Round took 1.173418ms
Round took 1.166115ms
Round took 1.193866ms
Round took 1.48553ms
Round took 1.152239ms
Round took 1.19595ms
Round took 1.193626ms
Round took 1.160153ms
Round took 1.153922ms
Round took 1.160043ms
Round took 1.157068ms
Round took 1.159011ms
Round took 1.12627ms
Round took 1.207242ms
Round took 1.175923ms
Round took 1.170904ms
Round took 1.131089ms
Round took 1.214675ms
Round took 1.130528ms
Round took 1.184168ms
Round took 1.186984ms
Round took 1.19047ms
Round took 1.161276ms
Round took 1.130228ms
Round took 1.183266ms
Round took 1.198566ms
Round took 1.141358ms
Round took 1.210327ms
Round took 1.210617ms
Round took 1.093319ms
Round took 1.181363ms
Round took 1.128625ms
Round took 1.258387ms
Round took 1.087678ms
Round took 1.124577ms
Round took 1.172256ms
Round took 1.208624ms
Round took 1.132031ms
Round took 1.223863ms
Round took 1.134005ms
Round took 1.150215ms
Round took 1.18549ms
Round took 1.167537ms
Round took 1.145536ms
Round took 1.155525ms
Round took 1.199697ms
Round took 1.196501ms
Round took 1.148331ms
Round took 1.22793ms
Round took 1.120069ms
Round took 1.138003ms
Round took 1.216679ms
Round took 1.137351ms
Round took 1.162558ms
Round took 1.190189ms
Round took 1.168239ms
Round took 1.179289ms
Round took 1.124678ms
Round took 1.161607ms
Round took 1.130198ms
Round took 1.176594ms
Round took 1.191031ms
Round took 1.187034ms
Round took 1.144013ms
Round took 1.173218ms
Round took 1.231386ms
Round took 1.122513ms
Round took 1.211089ms
Round took 1.086216ms
Round took 1.186233ms
Round took 1.174109ms
Round took 1.145637ms
Round took 1.165895ms
Round took 1.169952ms
Round took 1.209245ms
Round took 1.135137ms
Round took 1.219474ms
Round took 1.136289ms
Round took 1.116322ms
Round took 1.191502ms
Round took 1.173378ms
Round took 1.181262ms
Round took 1.145977ms
Round took 1.166996ms
Round took 1.14762ms
Round took 1.181514ms
Round took 1.083841ms
Round took 1.192624ms
Round took 1.186042ms
Round took 1.133625ms
Round took 1.172137ms
Round took 1.161116ms
Round took 1.138673ms
Round took 1.192815ms
Round took 1.205829ms
Round took 1.167878ms
Round took 1.157999ms
Round took 1.15276ms
Round took 1.161517ms
Round took 1.163961ms
Round took 1.18473ms
Round took 1.169592ms
Round took 1.113296ms
Round took 1.226998ms
Round took 1.145997ms
Round took 1.150716ms
Round took 1.12596ms
Round took 1.160524ms
Round took 1.184288ms
Round took 1.164962ms
Round took 1.268225ms
Round took 1.178648ms
Round took 1.165534ms
Round took 1.157208ms
Round took 1.153431ms
Round took 1.105672ms
Round took 1.164341ms
Round took 1.167467ms
Round took 1.226697ms
Round took 1.141429ms
Round took 1.203895ms
Round took 1.168339ms
Round took 1.138663ms
Round took 1.140657ms
Round took 1.150976ms
Round took 1.157429ms
Round took 1.191011ms
Round took 1.1853ms
Round took 1.083781ms
Round took 1.194808ms
Round took 1.157329ms
Round took 1.178247ms
Round took 1.185561ms
Round took 1.154222ms
Round took 1.138634ms
Round took 1.215597ms
Round took 1.178828ms
Round took 1.163851ms
Round took 1.165784ms
Round took 1.174921ms
Round took 1.184579ms
Round took 1.164852ms
Round took 1.135438ms
Round took 1.177676ms
Round took 1.167327ms
Round took 1.173839ms
Round took 1.160274ms
Round took 1.151127ms
Round took 1.187665ms
Round took 1.162979ms
Round took 1.159061ms
Round took 1.151607ms
Round took 1.185631ms
Round took 1.239742ms
Round took 1.102436ms
Round took 1.121522ms
Round took 1.150887ms
Round took 1.192574ms
Round took 1.174169ms
Round took 1.200429ms
Round took 1.135698ms
Round took 1.164352ms
Round took 1.170193ms
Round took 1.137451ms
Round took 1.194948ms
Round took 1.140797ms
Round took 1.164411ms
Round took 1.168679ms
Round took 1.188496ms
Round took 1.150125ms
Round took 1.183367ms
Round took 1.154763ms
Round took 1.217801ms
Round took 1.183276ms
Round took 1.101093ms
Round took 1.140377ms
Round took 1.186673ms
Round took 1.162989ms
Round took 1.140347ms
Round took 1.16373ms
Round took 1.183187ms
Round took 1.114388ms
Round took 1.15331ms
Round took 1.106764ms
Round took 1.162869ms
Round took 1.181784ms
Round took 1.181333ms
Round took 1.155876ms
Round took 1.156868ms
Round took 1.228021ms
Round took 1.161035ms
Round took 1.169471ms
Round took 1.150446ms
Round took 1.181393ms
Round took 1.198846ms
Round took 1.183908ms
Round took 1.070205ms
Round took 1.210748ms
Round took 1.15274ms
Round took 1.18555ms
Round took 1.183077ms
Round took 1.142831ms
Round took 1.117985ms
Round took 1.253327ms
Round took 1.141469ms
Round took 1.17459ms
Round took 1.126451ms
Round took 1.157659ms
Round took 1.193125ms
Round took 1.184599ms
Round took 1.17454ms
Round took 1.169411ms
Round took 1.167617ms
Round took 1.144494ms
Round took 1.210778ms
Round took 1.148081ms
Round took 1.266331ms
Round took 1.170823ms
Round took 1.163459ms
Round took 1.183367ms
Round took 1.124617ms
Round took 1.228221ms
Round took 1.144805ms
Round took 1.164512ms
Round took 1.196892ms
Round took 1.111533ms
Round took 1.169841ms
Round took 1.182385ms
Round took 1.15819ms
Round took 1.15269ms
Round took 1.164772ms
Round took 1.210908ms
Round took 1.098379ms
Round took 1.210277ms
Round took 1.116442ms
Round took 1.183016ms
Round took 1.145767ms
Round took 1.209486ms
Round took 1.13164ms
Round took 1.217711ms
Round took 1.13651ms
Round took 1.154493ms
Round took 1.167648ms
Round took 1.206439ms
Round took 1.160664ms
Round took 1.167968ms
Round took 1.193907ms
Round took 1.149103ms
Round took 1.193305ms
Round took 1.178748ms
Round took 1.165103ms
Round took 1.157479ms
Round took 1.160625ms
Round took 1.14181ms
Round took 1.192874ms
Round took 1.135117ms
Round took 1.136049ms
Round took 1.234773ms
Round took 1.132542ms
Round took 1.183878ms
Round took 1.101795ms
Round took 1.168278ms
Round took 1.172276ms
Round took 1.197363ms
Round took 1.172347ms
Round took 1.145516ms
Round took 1.145907ms
Round took 1.155916ms
Round took 1.179891ms
Round took 1.140306ms
Round took 1.137882ms
Round took 1.208022ms
Round took 1.160044ms
Round took 1.170202ms
Round took 1.131741ms
Round took 1.170944ms
Round took 1.205719ms
Round took 1.131049ms
Round took 1.147811ms
Round took 1.206911ms
Round took 1.211399ms
Round took 1.129336ms
Round took 1.169671ms
Round took 1.145847ms
Round took 1.242286ms
Round took 1.146839ms
Round took 1.154052ms
Round took 1.181423ms
Round took 1.160665ms
Round took 1.153511ms
Round took 1.183266ms
Round took 1.194858ms
Round took 1.14194ms
Round took 1.217861ms
Round took 1.213293ms
Round took 1.107345ms
Round took 1.104169ms
Round took 1.155575ms
Round took 1.19047ms
Round took 1.180672ms
Round took 1.184389ms
Round took 1.146909ms
Round took 1.282461ms
Round took 1.175693ms
Round took 1.12614ms
Round took 1.27057ms
Round took 1.191502ms
Round took 1.133624ms
Round took 1.130057ms
Round took 1.204005ms
Round took 1.12079ms
Round took 1.172376ms
Round took 1.230585ms
Round took 1.099099ms
Round took 1.181083ms
Round took 1.137201ms
Round took 1.172146ms
Round took 1.159121ms
Round took 1.175833ms
Round took 1.186082ms
Round took 1.17966ms
Round took 1.154813ms
Round took 1.530675ms
Round took 719.572µs
Round took 1.235745ms
Round took 1.130979ms
Round took 1.15835ms
Round took 1.229113ms
Round took 1.203825ms
Round took 1.133775ms
Round took 1.148312ms
Round took 1.180752ms
Round took 1.138393ms
Round took 1.133404ms
Round took 1.227098ms
Round took 1.19597ms
Round took 1.221397ms
Round took 1.138924ms
Round took 1.14741ms
Round took 1.180701ms
Round took 1.15278ms
Round took 1.168359ms
Round took 1.175112ms
Round took 1.198905ms
Round took 1.144164ms
Round took 1.22256ms
Round took 1.146027ms
Round took 1.200159ms
Round took 1.174009ms
Round took 1.144745ms
Round took 1.163911ms
Round took 1.162789ms
Round took 1.126581ms
Round took 1.161335ms
Round took 1.193095ms
Round took 1.172597ms
Round took 1.110801ms
Round took 1.19056ms
Round took 1.149504ms
Round took 1.175703ms
Round took 1.112635ms
Round took 1.191852ms
Round took 1.128034ms
Round took 1.193636ms
Round took 1.148191ms
Round took 1.136389ms
Round took 1.209245ms
Round took 1.138343ms
Round took 1.145156ms
Round took 1.14238ms
Round took 1.169311ms
Round took 1.173168ms
Round took 1.19071ms
Round took 1.155796ms
Round took 1.160665ms
Round took 1.180682ms
Round took 1.148552ms
Round took 1.21183ms
Round took 1.201641ms
Round took 1.186172ms
Round took 1.141539ms
Round took 1.164943ms
Round took 1.160084ms
Round took 1.169521ms
Round took 1.171324ms
Round took 1.17413ms
Round took 1.177025ms
Round took 1.189439ms
Round took 1.227179ms
Round took 1.096205ms
Round took 1.171905ms
Round took 1.174601ms
Round took 1.181103ms
Round took 1.175462ms
Round took 1.164492ms
Round took 1.169932ms
Round took 1.144695ms
Round took 1.225335ms
Round took 1.135498ms
Round took 1.228161ms
Round took 1.169431ms
Round took 1.144545ms
Round took 1.20619ms
Round took 1.145346ms
Round took 1.18521ms
Round took 1.172847ms
Round took 1.123756ms
Round took 1.195169ms
Round took 1.209295ms
Round took 1.12021ms
Round took 1.196462ms
Round took 1.22259ms
Round took 1.138573ms
Round took 1.222871ms
Round took 1.116251ms
Round took 1.141679ms
Round took 1.184879ms
Round took 1.162848ms
Round took 1.134315ms
Round took 1.166265ms
Round took 1.119448ms
Round took 1.143061ms
Round took 1.215046ms
Round took 1.158982ms
Round took 1.16356ms
Round took 1.138413ms
Round took 1.154032ms
Round took 1.152179ms
Round took 1.184429ms
Round took 1.19062ms
Round took 1.101724ms
Round took 1.182114ms
Round took 1.175141ms
Round took 1.144394ms
Round took 1.202763ms
Round took 1.147901ms
Round took 1.178057ms
Round took 1.170423ms
Round took 1.150095ms
Round took 1.176924ms
Round took 1.188136ms
Round took 1.151968ms
Round took 1.178057ms
Round took 1.213483ms
Round took 1.100042ms
Round took 1.197023ms
Round took 1.183928ms
Round took 1.172256ms
Round took 1.158922ms
Round took 1.139365ms
Round took 1.165333ms
Round took 1.187234ms
Round took 1.196161ms
Round took 1.183597ms
Round took 1.101815ms
Round took 1.162808ms
Round took 1.215657ms
Round took 1.182796ms
Round took 1.105382ms
Round took 1.148973ms
Round took 1.198535ms
Round took 1.150716ms
Round took 1.132923ms
Round took 1.172386ms
Round took 1.181273ms
Round took 1.141419ms
Round took 1.195419ms
Round took 1.134175ms
Round took 1.195349ms
Round took 1.162238ms
Round took 1.130037ms
Round took 1.176504ms
Round took 1.175001ms
Round took 1.150826ms
Round took 1.163871ms
Round took 1.163129ms
Round took 1.225465ms
Round took 1.117374ms
Round took 1.17955ms
Round took 1.170413ms
Round took 1.163119ms
Round took 1.180672ms
Round took 1.142681ms
Round took 1.201751ms
Round took 1.13668ms
Round took 1.181163ms
Round took 1.153641ms
Round took 1.130549ms
Round took 1.171856ms
Round took 1.204296ms
Round took 1.172867ms
Round took 1.139445ms
Round took 1.160945ms
Round took 1.1581ms
Round took 1.176795ms
Round took 1.154313ms
Round took 1.130919ms
Round took 1.173879ms
Round took 1.207442ms
Round took 1.115651ms
Round took 1.194177ms
Round took 1.16885ms
Round took 1.152058ms
Round took 1.106063ms
Round took 1.155364ms
Round took 1.172346ms
Round took 1.14213ms
Round took 1.19074ms
Round took 1.108317ms
Round took 1.18511ms
Round took 1.133013ms
Round took 1.149383ms
Round took 1.186973ms
Round took 1.220777ms
Round took 1.147891ms
Round took 1.136329ms
Round took 1.180541ms
Round took 1.091405ms
Round took 1.151447ms
Round took 1.215577ms
Round took 1.155204ms
Round took 1.197253ms
Round took 1.114608ms
Round took 1.204646ms
Round took 1.19581ms
Round took 1.172878ms
Round took 1.172126ms
Round took 1.089492ms
Round took 1.232709ms
Round took 1.15304ms
Round took 1.219784ms
Round took 1.160935ms
Round took 1.14752ms
Round took 1.199197ms
Round took 1.132512ms
Round took 1.142761ms
Round took 1.414508ms
Round took 1.148201ms
Round took 1.15875ms
Round took 1.210327ms
Round took 1.167057ms
Round took 1.159482ms
Round took 1.127552ms
Round took 1.157939ms
Round took 1.162508ms
Round took 1.152238ms
Round took 1.1155ms
Round took 1.161866ms
Round took 1.235664ms
Round took 1.078031ms
Round took 1.178257ms
Round took 1.181894ms
Round took 1.190059ms
Round took 1.157319ms
Round took 1.132973ms
Round took 1.151217ms
Round took 1.16864ms
Round took 1.225646ms
Round took 1.154473ms
Round took 1.105812ms
Round took 1.294174ms
Round took 1.134876ms
Round took 1.137532ms
Round took 1.17395ms
Round took 1.182505ms
Round took 1.181744ms
Round took 1.203464ms
Round took 1.097317ms
Round took 1.130128ms
Round took 1.191803ms
Round took 1.15832ms
Round took 1.150946ms
Round took 1.160976ms
Round took 1.184209ms
Round took 1.173228ms
Round took 1.225425ms
Round took 1.156667ms
Round took 1.132963ms
Round took 1.207421ms
Round took 1.133685ms
Round took 1.17973ms
Round took 1.205839ms
Round took 1.063373ms
Round took 1.183427ms
Round took 1.22792ms
Round took 1.191812ms
Round took 1.123626ms
Round took 1.184789ms
Round took 1.148181ms
Round took 1.140056ms
Round took 1.156798ms
Round took 1.190681ms
Round took 1.146729ms
Round took 1.200057ms
Round took 1.181052ms
Round took 1.128224ms
Round took 1.229363ms
Round took 1.168008ms
Round took 1.160815ms
Round took 1.169812ms
Round took 1.183087ms
Round took 1.108397ms
Round took 1.156457ms
Round took 1.215296ms
Round took 1.186433ms
Round took 1.154734ms
Round took 1.199206ms
Round took 1.176564ms
Round took 1.133364ms
Round took 1.167627ms
Round took 1.173869ms
Round took 1.133154ms
Round took 1.139555ms
Round took 1.173949ms
Round took 1.208173ms
Round took 1.199778ms
Round took 1.167187ms
Round took 1.166385ms
Round took 1.137622ms
Round took 1.173629ms
Round took 1.153742ms
Round took 1.157378ms
Round took 1.244391ms
Round took 1.172587ms
Round took 1.158471ms
Round took 1.144855ms
Round took 1.240544ms
Round took 1.157529ms
Round took 1.110411ms
Round took 1.154483ms
Round took 1.224293ms
Round took 1.191282ms
Round took 1.143703ms
Test took 1.17366871s
Successful: 1000
